<?xml version="1.0" encoding="UTF-8"?>
<testsuite name="test.pivotal.pal.tracker.WelcomeControllerTest" tests="1" skipped="0" failures="0" errors="0" timestamp="2020-07-30T15:31:03" hostname="ip-172-31-91-126" time="0.003">
  <properties/>
  <testcase name="itSaysHello()" classname="test.pivotal.pal.tracker.WelcomeControllerTest" time="0.003"/>
  <system-out><![CDATA[]]></system-out>
  <system-err><![CDATA[]]></system-err>
</testsuite>
