<?xml version="1.0" encoding="UTF-8"?>
<testsuite name="test.pivotal.pal.trackerapi.TimeEntryApiTest" tests="5" skipped="0" failures="0" errors="0" timestamp="2020-07-30T15:31:06" hostname="ip-172-31-91-126" time="0.245">
  <properties/>
  <testcase name="testList()" classname="test.pivotal.pal.trackerapi.TimeEntryApiTest" time="0.16"/>
  <testcase name="testRead()" classname="test.pivotal.pal.trackerapi.TimeEntryApiTest" time="0.023"/>
  <testcase name="testCreate()" classname="test.pivotal.pal.trackerapi.TimeEntryApiTest" time="0.011"/>
  <testcase name="testDelete()" classname="test.pivotal.pal.trackerapi.TimeEntryApiTest" time="0.024"/>
  <testcase name="testUpdate()" classname="test.pivotal.pal.trackerapi.TimeEntryApiTest" time="0.019"/>
  <system-out><![CDATA[2020-07-30 15:31:06.315  INFO 17777 --- [    Test worker] .b.t.c.SpringBootTestContextBootstrapper : Neither @ContextConfiguration nor @ContextHierarchy found for test class [test.pivotal.pal.trackerapi.TimeEntryApiTest], using SpringBootContextLoader
2020-07-30 15:31:06.316  INFO 17777 --- [    Test worker] o.s.t.c.support.AbstractContextLoader    : Could not detect default resource locations for test class [test.pivotal.pal.trackerapi.TimeEntryApiTest]: no resource found for suffixes {-context.xml, Context.groovy}.
2020-07-30 15:31:06.321  INFO 17777 --- [    Test worker] .b.t.c.SpringBootTestContextBootstrapper : Loaded default TestExecutionListener class names from location [META-INF/spring.factories]: [org.springframework.boot.test.autoconfigure.restdocs.RestDocsTestExecutionListener, org.springframework.boot.test.autoconfigure.web.client.MockRestServiceServerResetTestExecutionListener, org.springframework.boot.test.autoconfigure.web.servlet.MockMvcPrintOnlyOnFailureTestExecutionListener, org.springframework.boot.test.autoconfigure.web.servlet.WebDriverTestExecutionListener, org.springframework.boot.test.mock.mockito.MockitoTestExecutionListener, org.springframework.boot.test.mock.mockito.ResetMocksTestExecutionListener, org.springframework.test.context.web.ServletTestExecutionListener, org.springframework.test.context.support.DirtiesContextBeforeModesTestExecutionListener, org.springframework.test.context.support.DependencyInjectionTestExecutionListener, org.springframework.test.context.support.DirtiesContextTestExecutionListener, org.springframework.test.context.transaction.TransactionalTestExecutionListener, org.springframework.test.context.jdbc.SqlScriptsTestExecutionListener, org.springframework.test.context.event.EventPublishingTestExecutionListener]
2020-07-30 15:31:06.322  INFO 17777 --- [    Test worker] .b.t.c.SpringBootTestContextBootstrapper : Using TestExecutionListeners: [org.springframework.test.context.web.ServletTestExecutionListener@77f5f303, org.springframework.test.context.support.DirtiesContextBeforeModesTestExecutionListener@11809785, org.springframework.boot.test.mock.mockito.MockitoTestExecutionListener@771e5264, org.springframework.boot.test.autoconfigure.SpringBootDependencyInjectionTestExecutionListener@329e3267, org.springframework.test.context.support.DirtiesContextTestExecutionListener@6a2bb2dc, org.springframework.test.context.event.EventPublishingTestExecutionListener@7f022ca3, org.springframework.boot.test.autoconfigure.restdocs.RestDocsTestExecutionListener@7a8acc55, org.springframework.boot.test.autoconfigure.web.client.MockRestServiceServerResetTestExecutionListener@3944d469, org.springframework.boot.test.autoconfigure.web.servlet.MockMvcPrintOnlyOnFailureTestExecutionListener@e4e3ccf, org.springframework.boot.test.autoconfigure.web.servlet.WebDriverTestExecutionListener@60c77e91, org.springframework.boot.test.mock.mockito.ResetMocksTestExecutionListener@4c83feb8]
]]></system-out>
  <system-err><![CDATA[]]></system-err>
</testsuite>
